Using seed: 1485039953781
Generating a Sidewinder maze of 7 by 7 by 7
Ensuring solution
Using seed: 1485039956696
Generating a Sidewinder maze of 7 by 7 by 7
Ensuring solution
Using seed: 1485039960518
Generating a Sidewinder maze of 7 by 7 by 7
Ensuring solution
Using seed: 1485039963697
Generating a Sidewinder maze of 7 by 7 by 7
Ensuring solution
Using seed: 1485039967026
Generating a Sidewinder maze of 7 by 7 by 7
Ensuring solution
Using seed: 1485039970272
Generating a Sidewinder maze of 7 by 7 by 7
Ensuring solution
Using seed: 1485039973357
Generating a Sidewinder maze of 7 by 7 by 7
Ensuring solution
Using seed: 1485039976795
Generating a Sidewinder maze of 7 by 7 by 7
Ensuring solution
Using seed: 1485039979689
Generating a Sidewinder maze of 7 by 7 by 7
Ensuring solution
Using seed: 1485039982530
Generating a Sidewinder maze of 7 by 7 by 7
Ensuring solution
Using seed: 1485039985329
Generating a Sidewinder maze of 7 by 7 by 7
Ensuring solution
Using seed: 1485039988760
Generating a Sidewinder maze of 7 by 7 by 7
Ensuring solution
Using seed: 1485039992097
Generating a Sidewinder maze of 7 by 7 by 7
Ensuring solution
Using seed: 1485039995144
Generating a Sidewinder maze of 7 by 7 by 7
Ensuring solution
Using seed: 1485039998412
Generating a Sidewinder maze of 7 by 7 by 7
Ensuring solution
Using seed: 1485040001248
Generating a Sidewinder maze of 7 by 7 by 7
Ensuring solution
Using seed: 1485040004400
Generating a Sidewinder maze of 7 by 7 by 7
Ensuring solution
Using seed: 1485040007842
Generating a Sidewinder maze of 7 by 7 by 7
Ensuring solution
Using seed: 1485040010678
Generating a Sidewinder maze of 7 by 7 by 7
Ensuring solution
Using seed: 1485040013902
Generating a Sidewinder maze of 7 by 7 by 7
Ensuring solution
Using seed: 1485040017454
Generating a Sidewinder maze of 7 by 7 by 7
Ensuring solution
Using seed: 1485040020482
Generating a Sidewinder maze of 7 by 7 by 7
Ensuring solution
Using seed: 1485040023697
Generating a Sidewinder maze of 7 by 7 by 7
Ensuring solution
Using seed: 1485040027138
Generating a Sidewinder maze of 7 by 7 by 7
Ensuring solution
Using seed: 1485040030364
Generating a Sidewinder maze of 7 by 7 by 7
Ensuring solution
Using seed: 1485040033199
Generating a Sidewinder maze of 7 by 7 by 7
Ensuring solution
Using seed: 1485040036032
Generating a Sidewinder maze of 7 by 7 by 7
Ensuring solution
Using seed: 1485040039229
Generating a Sidewinder maze of 7 by 7 by 7
Ensuring solution
Using seed: 1485040042790
Generating a Sidewinder maze of 7 by 7 by 7
Ensuring solution
Using seed: 1485040046160
Generating a Sidewinder maze of 7 by 7 by 7
Ensuring solution
Using seed: 1485040049491
Generating a Sidewinder maze of 7 by 7 by 7
Ensuring solution
Using seed: 1485040052364
Generating a Sidewinder maze of 7 by 7 by 7
Ensuring solution
Using seed: 1485040055174
Generating a Sidewinder maze of 7 by 7 by 7
Ensuring solution
Using seed: 1485040058476
Generating a Sidewinder maze of 7 by 7 by 7
Ensuring solution
Using seed: 1485040062033
Generating a Sidewinder maze of 7 by 7 by 7
Ensuring solution
Using seed: 1485040064960
Generating a Sidewinder maze of 7 by 7 by 7
Ensuring solution
Using seed: 1485040068218
Generating a Sidewinder maze of 7 by 7 by 7
Ensuring solution
Using seed: 1485040071975
Generating a Sidewinder maze of 7 by 7 by 7
Ensuring solution
Using seed: 1485040074807
Generating a Sidewinder maze of 7 by 7 by 7
Ensuring solution
Using seed: 1485040078073
Generating a Sidewinder maze of 7 by 7 by 7
Ensuring solution
Using seed: 1485040081915
Generating a Sidewinder maze of 7 by 7 by 7
Ensuring solution
Using seed: 1485040085313
Generating a Sidewinder maze of 7 by 7 by 7
Ensuring solution
Using seed: 1485040088454
Generating a Sidewinder maze of 7 by 7 by 7
Ensuring solution
Using seed: 1485040091334
Generating a Sidewinder maze of 7 by 7 by 7
Ensuring solution
Using seed: 1485040094180
Generating a Sidewinder maze of 7 by 7 by 7
Ensuring solution
Using seed: 1485040097422
Generating a Sidewinder maze of 7 by 7 by 7
Ensuring solution
Using seed: 1485040100568
Generating a Sidewinder maze of 7 by 7 by 7
Ensuring solution
Using seed: 1485040103920
Generating a Sidewinder maze of 7 by 7 by 7
Ensuring solution
Using seed: 1485040107323
Generating a Sidewinder maze of 7 by 7 by 7
Ensuring solution
Using seed: 1485040110182
Generating a Sidewinder maze of 7 by 7 by 7
Ensuring solution
Using seed: 1485040113086
Generating a Sidewinder maze of 7 by 7 by 7
Ensuring solution
Using seed: 1485040115885
Generating a Sidewinder maze of 7 by 7 by 7
Ensuring solution
Using seed: 1485040118677
Generating a Sidewinder maze of 7 by 7 by 7
Ensuring solution
Using seed: 1485040121585
Generating a Sidewinder maze of 7 by 7 by 7
Ensuring solution
Using seed: 1485040124486
Generating a Sidewinder maze of 7 by 7 by 7
Ensuring solution
Solution took 0.142255 seconds and has a distance of 33
(x:2)(y:-3)(z:2) to (x:2)(y:-1)(z:0)
start at                                (x:2)(y:-3)(z:2)
positive 1 on y                         (x:2)(y:-2)(z:2)
negative 1 on x                         (x:1)(y:-2)(z:2)
positive 1 on y                         (x:1)(y:-1)(z:2)
negative 1 on x                         (x:0)(y:-1)(z:2)
negative 1 on x                         (x:-1)(y:-1)(z:2)
negative 1 on x                         (x:-2)(y:-1)(z:2)
negative 1 on x                         (x:-3)(y:-1)(z:2)
negative 1 on z                         (x:-3)(y:-1)(z:1)
negative 1 on z                         (x:-3)(y:-1)(z:0)
negative 1 on z                         (x:-3)(y:-1)(z:-1)
positive 1 on y                         (x:-3)(y:0)(z:-1)
negative 1 on z                         (x:-3)(y:0)(z:-2)
positive 1 on y                         (x:-3)(y:1)(z:-2)
positive 1 on x                         (x:-2)(y:1)(z:-2)
positive 1 on y                         (x:-2)(y:2)(z:-2)
positive 1 on x                         (x:-1)(y:2)(z:-2)
positive 1 on x                         (x:0)(y:2)(z:-2)
negative 1 on y                         (x:0)(y:1)(z:-2)
positive 1 on x                         (x:1)(y:1)(z:-2)
positive 1 on y                         (x:1)(y:2)(z:-2)
positive 1 on z                         (x:1)(y:2)(z:-1)
positive 1 on z                         (x:1)(y:2)(z:0)
negative 1 on y                         (x:1)(y:1)(z:0)
negative 1 on x                         (x:0)(y:1)(z:0)
negative 1 on x                         (x:-1)(y:1)(z:0)
negative 1 on x                         (x:-2)(y:1)(z:0)
negative 1 on y                         (x:-2)(y:0)(z:0)
negative 1 on y                         (x:-2)(y:-1)(z:0)
positive 1 on x                         (x:-1)(y:-1)(z:0)
positive 1 on x                         (x:0)(y:-1)(z:0)
positive 1 on x                         (x:1)(y:-1)(z:0)
finish at                               (x:2)(y:-1)(z:0)
Ensuring solution
Using seed: 1485040209580
Generating a Sidewinder maze of 7 by 7 by 7
Ensuring solution
Using seed: 1485040212789
Generating a Sidewinder maze of 7 by 7 by 7
Ensuring solution
Using seed: 1485040216255
Generating a Sidewinder maze of 7 by 7 by 7
Ensuring solution
Using seed: 1485040219373
Generating a Sidewinder maze of 7 by 7 by 7
Ensuring solution
Using seed: 1485040222332
Generating a Sidewinder maze of 7 by 7 by 7
Ensuring solution
Using seed: 1485040225703
Generating a Sidewinder maze of 7 by 7 by 7
Ensuring solution
Using seed: 1485040229076
Generating a Sidewinder maze of 7 by 7 by 7
Ensuring solution
Using seed: 1485040232343
Generating a Sidewinder maze of 7 by 7 by 7
Ensuring solution
Using seed: 1485040235169
Generating a Sidewinder maze of 7 by 7 by 7
Ensuring solution
Using seed: 1485040238607
Generating a Sidewinder maze of 7 by 7 by 7
Ensuring solution
Using seed: 1485040242363
Generating a Sidewinder maze of 7 by 7 by 7
Ensuring solution
Using seed: 1485040245511
Generating a Sidewinder maze of 7 by 7 by 7
Ensuring solution
Using seed: 1485040248993
Generating a Sidewinder maze of 7 by 7 by 7
Ensuring solution
Using seed: 1485040251777
Generating a Sidewinder maze of 7 by 7 by 7
Ensuring solution
Using seed: 1485040255093
Generating a Sidewinder maze of 7 by 7 by 7
Ensuring solution
Using seed: 1485040258555
Generating a Sidewinder maze of 7 by 7 by 7
Ensuring solution
Using seed: 1485040262503
Generating a Sidewinder maze of 7 by 7 by 7
Ensuring solution
Using seed: 1485040265432
Generating a Sidewinder maze of 7 by 7 by 7
Ensuring solution
Using seed: 1485040268371
Generating a Sidewinder maze of 7 by 7 by 7
Ensuring solution
Using seed: 1485040271840
Generating a Sidewinder maze of 7 by 7 by 7
Ensuring solution
Using seed: 1485040274648
Generating a Sidewinder maze of 7 by 7 by 7
Ensuring solution
Using seed: 1485040277892
Generating a Sidewinder maze of 7 by 7 by 7
Ensuring solution
Using seed: 1485040281445
Generating a Sidewinder maze of 7 by 7 by 7
Ensuring solution
Using seed: 1485040284205
Generating a Sidewinder maze of 7 by 7 by 7
Ensuring solution
Using seed: 1485040287554
Generating a Sidewinder maze of 7 by 7 by 7
Ensuring solution
Using seed: 1485040290468
Generating a Sidewinder maze of 7 by 7 by 7
Ensuring solution
Using seed: 1485040293708
Generating a Sidewinder maze of 7 by 7 by 7
Ensuring solution
Using seed: 1485040296558
Generating a Sidewinder maze of 7 by 7 by 7
Ensuring solution
Using seed: 1485040299803
Generating a Sidewinder maze of 7 by 7 by 7
Ensuring solution
Using seed: 1485040302727
Generating a Sidewinder maze of 7 by 7 by 7
Ensuring solution
Using seed: 1485040306393
Generating a Sidewinder maze of 7 by 7 by 7
Ensuring solution
Using seed: 1485040309233
Generating a Sidewinder maze of 7 by 7 by 7
Ensuring solution
Using seed: 1485040312512
Generating a Sidewinder maze of 7 by 7 by 7
Ensuring solution
Using seed: 1485040315837
Generating a Sidewinder maze of 7 by 7 by 7
Ensuring solution
Using seed: 1485040319058
Generating a Sidewinder maze of 7 by 7 by 7
Ensuring solution
Using seed: 1485040322634
Generating a Sidewinder maze of 7 by 7 by 7
Ensuring solution
Using seed: 1485040325437
Generating a Sidewinder maze of 7 by 7 by 7
Ensuring solution
Using seed: 1485040328656
Generating a Sidewinder maze of 7 by 7 by 7
Ensuring solution
Using seed: 1485040332031
Generating a Sidewinder maze of 7 by 7 by 7
Ensuring solution
Using seed: 1485040335376
Generating a Sidewinder maze of 7 by 7 by 7
Ensuring solution
Using seed: 1485040338383
Generating a Sidewinder maze of 7 by 7 by 7
Ensuring solution
Using seed: 1485040341368
Generating a Sidewinder maze of 7 by 7 by 7
Ensuring solution
Using seed: 1485040344211
Generating a Sidewinder maze of 7 by 7 by 7
Ensuring solution
Using seed: 1485040346999
Generating a Sidewinder maze of 7 by 7 by 7
Ensuring solution
Using seed: 1485040349930
Generating a Sidewinder maze of 7 by 7 by 7
Ensuring solution
Using seed: 1485040353064
Generating a Sidewinder maze of 7 by 7 by 7
Ensuring solution
Using seed: 1485040356500
Generating a Sidewinder maze of 7 by 7 by 7
Ensuring solution
Using seed: 1485040359478
Generating a Sidewinder maze of 7 by 7 by 7
Ensuring solution
Using seed: 1485040362884
Generating a Sidewinder maze of 7 by 7 by 7
Ensuring solution
Using seed: 1485040366229
Generating a Sidewinder maze of 7 by 7 by 7
Ensuring solution
Using seed: 1485040369037
Generating a Sidewinder maze of 7 by 7 by 7
Ensuring solution
Using seed: 1485040372324
Generating a Sidewinder maze of 7 by 7 by 7
Ensuring solution
Using seed: 1485040375201
Generating a Sidewinder maze of 7 by 7 by 7
Ensuring solution
Using seed: 1485040378671
Generating a Sidewinder maze of 7 by 7 by 7
Ensuring solution
Using seed: 1485040382019
Generating a Sidewinder maze of 7 by 7 by 7
Ensuring solution
Using seed: 1485040385496
Generating a Sidewinder maze of 7 by 7 by 7
Ensuring solution
Using seed: 1485040388824
Generating a Sidewinder maze of 7 by 7 by 7
Ensuring solution
Using seed: 1485040391988
Generating a Sidewinder maze of 7 by 7 by 7
Ensuring solution
Using seed: 1485040394885
Generating a Sidewinder maze of 7 by 7 by 7
Ensuring solution
Using seed: 1485040398013
Generating a Sidewinder maze of 7 by 7 by 7
Ensuring solution
Using seed: 1485040401165
Generating a Sidewinder maze of 7 by 7 by 7
Ensuring solution
Using seed: 1485040404286
Generating a Sidewinder maze of 7 by 7 by 7
Ensuring solution
Using seed: 1485040407368
Generating a Sidewinder maze of 7 by 7 by 7
Ensuring solution
Using seed: 1485040410352
Generating a Sidewinder maze of 7 by 7 by 7
Ensuring solution
Using seed: 1485040413648
Generating a Sidewinder maze of 7 by 7 by 7
Ensuring solution
Using seed: 1485040416449
Generating a Sidewinder maze of 7 by 7 by 7
Ensuring solution
Using seed: 1485040419463
Generating a Sidewinder maze of 7 by 7 by 7
Ensuring solution
Using seed: 1485040423052
Generating a Sidewinder maze of 7 by 7 by 7
Ensuring solution
Using seed: 1485040426343
Generating a Sidewinder maze of 7 by 7 by 7
Ensuring solution
Using seed: 1485040429659
Generating a Sidewinder maze of 7 by 7 by 7
Ensuring solution
Using seed: 1485040433065
Generating a Sidewinder maze of 7 by 7 by 7
Ensuring solution
Using seed: 1485040436514
Generating a Sidewinder maze of 7 by 7 by 7
Ensuring solution
Using seed: 1485040439567
Generating a Sidewinder maze of 7 by 7 by 7
Ensuring solution
Using seed: 1485040442404
Generating a Sidewinder maze of 7 by 7 by 7
Ensuring solution
Using seed: 1485040445218
Generating a Sidewinder maze of 7 by 7 by 7
Ensuring solution
Using seed: 1485040448563
Generating a Sidewinder maze of 7 by 7 by 7
Ensuring solution
Using seed: 1485040452132
Generating a Sidewinder maze of 7 by 7 by 7
Ensuring solution
Using seed: 1485040455439
Generating a Sidewinder maze of 7 by 7 by 7
Ensuring solution
Using seed: 1485040458651
Generating a Sidewinder maze of 7 by 7 by 7
Ensuring solution
Using seed: 1485040461473
Generating a Sidewinder maze of 7 by 7 by 7
Ensuring solution
Using seed: 1485040464407
Generating a Sidewinder maze of 7 by 7 by 7
Ensuring solution
Using seed: 1485040467592
Generating a Sidewinder maze of 7 by 7 by 7
Ensuring solution
Using seed: 1485040470995
Generating a Sidewinder maze of 7 by 7 by 7
Ensuring solution
Using seed: 1485040474506
Generating a Sidewinder maze of 7 by 7 by 7
Ensuring solution
Using seed: 1485040477329
Generating a Sidewinder maze of 7 by 7 by 7
Ensuring solution
Using seed: 1485040480746
Generating a Sidewinder maze of 7 by 7 by 7
Ensuring solution
Using seed: 1485040483686
Generating a Sidewinder maze of 7 by 7 by 7
Ensuring solution
Using seed: 1485040487152
Generating a Sidewinder maze of 7 by 7 by 7
Ensuring solution
Using seed: 1485040490709
Generating a Sidewinder maze of 7 by 7 by 7
Ensuring solution
Using seed: 1485040493881
Generating a Sidewinder maze of 7 by 7 by 7
Ensuring solution
Using seed: 1485040496738
Generating a Sidewinder maze of 7 by 7 by 7
Ensuring solution
Using seed: 1485040499956
Generating a Sidewinder maze of 7 by 7 by 7
Ensuring solution
Using seed: 1485040502727
Generating a Sidewinder maze of 7 by 7 by 7
Ensuring solution
Using seed: 1485040506283
Generating a Sidewinder maze of 7 by 7 by 7
Ensuring solution
Using seed: 1485040509968
Generating a Sidewinder maze of 7 by 7 by 7
Ensuring solution
Using seed: 1485040513280
Generating a Sidewinder maze of 7 by 7 by 7
Ensuring solution
Using seed: 1485040516695
Generating a Sidewinder maze of 7 by 7 by 7
Ensuring solution
Using seed: 1485040519615
Generating a Sidewinder maze of 7 by 7 by 7
Ensuring solution
Using seed: 1485040522703
Generating a Sidewinder maze of 7 by 7 by 7
Ensuring solution
Using seed: 1485040525916
Generating a Sidewinder maze of 7 by 7 by 7
Ensuring solution
Using seed: 1485040529037
Generating a Sidewinder maze of 7 by 7 by 7
Ensuring solution
Using seed: 1485040531912
Generating a Sidewinder maze of 7 by 7 by 7
Ensuring solution
Using seed: 1485040535319
Generating a Sidewinder maze of 7 by 7 by 7
Ensuring solution
Using seed: 1485040538603
Generating a Sidewinder maze of 7 by 7 by 7
Ensuring solution
Using seed: 1485040541866
Generating a Sidewinder maze of 7 by 7 by 7
Ensuring solution
Using seed: 1485040544799
Generating a Sidewinder maze of 7 by 7 by 7
Ensuring solution
Using seed: 1485040548048
Generating a Sidewinder maze of 7 by 7 by 7
Ensuring solution
Using seed: 1485040551192
Generating a Sidewinder maze of 7 by 7 by 7
Ensuring solution
Using seed: 1485040554164
Generating a Sidewinder maze of 7 by 7 by 7
Ensuring solution
Using seed: 1485040556922
Generating a Sidewinder maze of 7 by 7 by 7
Ensuring solution
Using seed: 1485040560036
Generating a Sidewinder maze of 7 by 7 by 7
Ensuring solution
Using seed: 1485040563332
Generating a Sidewinder maze of 7 by 7 by 7
Ensuring solution
Using seed: 1485040566628
Generating a Sidewinder maze of 7 by 7 by 7
Ensuring solution
Using seed: 1485040569637
Generating a Sidewinder maze of 7 by 7 by 7
Ensuring solution
Using seed: 1485040572968
Generating a Sidewinder maze of 7 by 7 by 7
Ensuring solution
Using seed: 1485040576572
Generating a Sidewinder maze of 7 by 7 by 7
Ensuring solution
Using seed: 1485040579941
Generating a Sidewinder maze of 7 by 7 by 7
Ensuring solution
Using seed: 1485040583417
Generating a Sidewinder maze of 7 by 7 by 7
Ensuring solution
Using seed: 1485040586853
Generating a Sidewinder maze of 7 by 7 by 7
Ensuring solution
Using seed: 1485040589897
Generating a Sidewinder maze of 7 by 7 by 7
Ensuring solution
Using seed: 1485040592711
Generating a Sidewinder maze of 7 by 7 by 7
Ensuring solution
Using seed: 1485040595597
Generating a Sidewinder maze of 7 by 7 by 7
Ensuring solution
Using seed: 1485040598442
Generating a Sidewinder maze of 7 by 7 by 7
Ensuring solution
Using seed: 1485040601208
Generating a Sidewinder maze of 7 by 7 by 7
Ensuring solution
Using seed: 1485040604089
Generating a Sidewinder maze of 7 by 7 by 7
Ensuring solution
Using seed: 1485040607644
Generating a Sidewinder maze of 7 by 7 by 7
Ensuring solution
Using seed: 1485040610763
Generating a Sidewinder maze of 7 by 7 by 7
Ensuring solution
Using seed: 1485040614071
Generating a Sidewinder maze of 7 by 7 by 7
Ensuring solution
Using seed: 1485040617113
Generating a Sidewinder maze of 7 by 7 by 7
Ensuring solution
Using seed: 1485040620645
Generating a Sidewinder maze of 7 by 7 by 7
Ensuring solution
Using seed: 1485040623727
Generating a Sidewinder maze of 7 by 7 by 7
Ensuring solution
Using seed: 1485040627083
Generating a Sidewinder maze of 7 by 7 by 7
Ensuring solution
Using seed: 1485040630464
Generating a Sidewinder maze of 7 by 7 by 7
Ensuring solution
Using seed: 1485040633972
Generating a Sidewinder maze of 7 by 7 by 7
Ensuring solution
Using seed: 1485040637278
Generating a Sidewinder maze of 7 by 7 by 7
Ensuring solution
Using seed: 1485040640063
Generating a Sidewinder maze of 7 by 7 by 7
Ensuring solution
Using seed: 1485040643589
Generating a Sidewinder maze of 7 by 7 by 7
Ensuring solution
Using seed: 1485040647171
Generating a Sidewinder maze of 7 by 7 by 7
Ensuring solution
Using seed: 1485040650553
Generating a Sidewinder maze of 7 by 7 by 7
Ensuring solution
Using seed: 1485040653568
Generating a Sidewinder maze of 7 by 7 by 7
Ensuring solution
Using seed: 1485040656856
Generating a Sidewinder maze of 7 by 7 by 7
Ensuring solution
Using seed: 1485040659997
Generating a Sidewinder maze of 7 by 7 by 7
Ensuring solution
Using seed: 1485040663387
Generating a Sidewinder maze of 7 by 7 by 7
Ensuring solution
Using seed: 1485040666357
Generating a Sidewinder maze of 7 by 7 by 7
Ensuring solution
Using seed: 1485040669234
Generating a Sidewinder maze of 7 by 7 by 7
Ensuring solution
Using seed: 1485040672019
Generating a Sidewinder maze of 7 by 7 by 7
Ensuring solution
Using seed: 1485040674926
Generating a Sidewinder maze of 7 by 7 by 7
Ensuring solution
Using seed: 1485040678353
Generating a Sidewinder maze of 7 by 7 by 7
Ensuring solution
Using seed: 1485040681925
Generating a Sidewinder maze of 7 by 7 by 7
Ensuring solution
Using seed: 1485040685030
Generating a Sidewinder maze of 7 by 7 by 7
Ensuring solution
Using seed: 1485040687965
Generating a Sidewinder maze of 7 by 7 by 7
Ensuring solution
Using seed: 1485040691253
Generating a Sidewinder maze of 7 by 7 by 7
Ensuring solution
Using seed: 1485040694569
Generating a Sidewinder maze of 7 by 7 by 7
Ensuring solution
Using seed: 1485040697404
Generating a Sidewinder maze of 7 by 7 by 7
Ensuring solution
Using seed: 1485040700713
Generating a Sidewinder maze of 7 by 7 by 7
Ensuring solution
Using seed: 1485040704466
Generating a Sidewinder maze of 7 by 7 by 7
Ensuring solution
Using seed: 1485040707660
Generating a Sidewinder maze of 7 by 7 by 7
Ensuring solution
Using seed: 1485040711263
Generating a Sidewinder maze of 7 by 7 by 7
Ensuring solution
Using seed: 1485040714575
Generating a Sidewinder maze of 7 by 7 by 7
Ensuring solution
Using seed: 1485040717848
Generating a Sidewinder maze of 7 by 7 by 7
Ensuring solution
Using seed: 1485040721042
Generating a Sidewinder maze of 7 by 7 by 7
Ensuring solution
Using seed: 1485040723886
Generating a Sidewinder maze of 7 by 7 by 7
Ensuring solution
Using seed: 1485040726697
Generating a Sidewinder maze of 7 by 7 by 7
Ensuring solution
Using seed: 1485040729956
Generating a Sidewinder maze of 7 by 7 by 7
Ensuring solution
Using seed: 1485040733119
Generating a Sidewinder maze of 7 by 7 by 7
Ensuring solution
Using seed: 1485040736217
Generating a Sidewinder maze of 7 by 7 by 7
Ensuring solution
Using seed: 1485040739371
Generating a Sidewinder maze of 7 by 7 by 7
Ensuring solution
Using seed: 1485040742308
Generating a Sidewinder maze of 7 by 7 by 7
Ensuring solution
Using seed: 1485040745082
Generating a Sidewinder maze of 7 by 7 by 7
Ensuring solution
Using seed: 1485040748486
Generating a Sidewinder maze of 7 by 7 by 7
Ensuring solution
Using seed: 1485040751560
Generating a Sidewinder maze of 7 by 7 by 7
Ensuring solution
Using seed: 1485040754741
Generating a Sidewinder maze of 7 by 7 by 7
Ensuring solution
Using seed: 1485040757616
Generating a Sidewinder maze of 7 by 7 by 7
Ensuring solution
Using seed: 1485040760907
Generating a Sidewinder maze of 7 by 7 by 7
Ensuring solution
Using seed: 1485040764171
Generating a Sidewinder maze of 7 by 7 by 7
Ensuring solution
Using seed: 1485040766998
Generating a Sidewinder maze of 7 by 7 by 7
Ensuring solution
Using seed: 1485040770139
Generating a Sidewinder maze of 7 by 7 by 7
Ensuring solution
Using seed: 1485040772965
Generating a Sidewinder maze of 7 by 7 by 7
Ensuring solution
Using seed: 1485040775792
Generating a Sidewinder maze of 7 by 7 by 7
Ensuring solution
Using seed: 1485040779025
Generating a Sidewinder maze of 7 by 7 by 7
Ensuring solution
Using seed: 1485040781878
Generating a Sidewinder maze of 7 by 7 by 7
Ensuring solution
Using seed: 1485040784687
Generating a Sidewinder maze of 7 by 7 by 7
Ensuring solution
Using seed: 1485040787510
Generating a Sidewinder maze of 7 by 7 by 7
Ensuring solution
Using seed: 1485040790923
Generating a Sidewinder maze of 7 by 7 by 7
Ensuring solution
Using seed: 1485040794276
Generating a Sidewinder maze of 7 by 7 by 7
Ensuring solution
Using seed: 1485040797582
Generating a Sidewinder maze of 7 by 7 by 7
Ensuring solution
Using seed: 1485040800692
Generating a Sidewinder maze of 7 by 7 by 7
Ensuring solution
Using seed: 1485040804224
Generating a Sidewinder maze of 7 by 7 by 7
Ensuring solution
Using seed: 1485040807667
Generating a Sidewinder maze of 7 by 7 by 7
Ensuring solution
Using seed: 1485040810882
Generating a Sidewinder maze of 7 by 7 by 7
Ensuring solution
Using seed: 1485040813652
Generating a Sidewinder maze of 7 by 7 by 7
Ensuring solution
Using seed: 1485040816666
Generating a Sidewinder maze of 7 by 7 by 7
Ensuring solution
Using seed: 1485040820176
Generating a Sidewinder maze of 7 by 7 by 7
Ensuring solution
Using seed: 1485040823355
Generating a Sidewinder maze of 7 by 7 by 7
Ensuring solution
Using seed: 1485040826353
Generating a Sidewinder maze of 7 by 7 by 7
Ensuring solution
Using seed: 1485040829655
Generating a Sidewinder maze of 7 by 7 by 7
Ensuring solution
Using seed: 1485040833216
Generating a Sidewinder maze of 7 by 7 by 7
Ensuring solution
Using seed: 1485040836427
Generating a Sidewinder maze of 7 by 7 by 7
Ensuring solution
Using seed: 1485040839751
Generating a Sidewinder maze of 7 by 7 by 7
Ensuring solution
Using seed: 1485040842899
Generating a Sidewinder maze of 7 by 7 by 7
Ensuring solution
Using seed: 1485040845969
Generating a Sidewinder maze of 7 by 7 by 7
Ensuring solution
Using seed: 1485040848925
Generating a Sidewinder maze of 7 by 7 by 7
Ensuring solution
Using seed: 1485040851729
Generating a Sidewinder maze of 7 by 7 by 7
Ensuring solution
Using seed: 1485040855163
Generating a Sidewinder maze of 7 by 7 by 7
Ensuring solution
Using seed: 1485040858329
Generating a Sidewinder maze of 7 by 7 by 7
Ensuring solution
Using seed: 1485040861415
Generating a Sidewinder maze of 7 by 7 by 7
Ensuring solution
Using seed: 1485040864578
Generating a Sidewinder maze of 7 by 7 by 7
Ensuring solution
Using seed: 1485040868001
Generating a Sidewinder maze of 7 by 7 by 7
Ensuring solution
Using seed: 1485040871101
Generating a Sidewinder maze of 7 by 7 by 7
Ensuring solution
Using seed: 1485040874413
Generating a Sidewinder maze of 7 by 7 by 7
Ensuring solution
Using seed: 1485040877469
Generating a Sidewinder maze of 7 by 7 by 7
Ensuring solution
Using seed: 1485040880891
Generating a Sidewinder maze of 7 by 7 by 7
Ensuring solution
Using seed: 1485040884132
Generating a Sidewinder maze of 7 by 7 by 7
Ensuring solution
Using seed: 1485040887617
Generating a Sidewinder maze of 7 by 7 by 7
Ensuring solution
Using seed: 1485040890572
Generating a Sidewinder maze of 7 by 7 by 7
Ensuring solution
Using seed: 1485040893596
Generating a Sidewinder maze of 7 by 7 by 7
Ensuring solution
Using seed: 1485040896441
Generating a Sidewinder maze of 7 by 7 by 7
Ensuring solution
Using seed: 1485040899275
Generating a Sidewinder maze of 7 by 7 by 7
Ensuring solution
Using seed: 1485040902499
Generating a Sidewinder maze of 7 by 7 by 7
Ensuring solution
Using seed: 1485040905436
Generating a Sidewinder maze of 7 by 7 by 7
Ensuring solution
Using seed: 1485040908611
Generating a Sidewinder maze of 7 by 7 by 7
Ensuring solution
Using seed: 1485040911689
Generating a Sidewinder maze of 7 by 7 by 7
Ensuring solution
Using seed: 1485040915207
Generating a Sidewinder maze of 7 by 7 by 7
Ensuring solution
Using seed: 1485040918262
Generating a Sidewinder maze of 7 by 7 by 7
Ensuring solution
Using seed: 1485040921918
Generating a Sidewinder maze of 7 by 7 by 7
Ensuring solution
Using seed: 1485040925205
Generating a Sidewinder maze of 7 by 7 by 7
Ensuring solution
Using seed: 1485040928507
Generating a Sidewinder maze of 7 by 7 by 7
Ensuring solution
Using seed: 1485040931837
Generating a Sidewinder maze of 7 by 7 by 7
Ensuring solution
Using seed: 1485040935264
Generating a Sidewinder maze of 7 by 7 by 7
Ensuring solution
Using seed: 1485040938497
Generating a Sidewinder maze of 7 by 7 by 7
Ensuring solution
Using seed: 1485040941310
Generating a Sidewinder maze of 7 by 7 by 7
Ensuring solution
Using seed: 1485040944515
Generating a Sidewinder maze of 7 by 7 by 7
Ensuring solution
Using seed: 1485040947960
Generating a Sidewinder maze of 7 by 7 by 7
Ensuring solution
Using seed: 1485040951023
Generating a Sidewinder maze of 7 by 7 by 7
Ensuring solution
Using seed: 1485040954174
Generating a Sidewinder maze of 7 by 7 by 7
Ensuring solution
Using seed: 1485040957531
Generating a Sidewinder maze of 7 by 7 by 7
Ensuring solution
Using seed: 1485040960398
Generating a Sidewinder maze of 7 by 7 by 7
Ensuring solution
Using seed: 1485040963517
Generating a Sidewinder maze of 7 by 7 by 7
Ensuring solution
Using seed: 1485040966719
Generating a Sidewinder maze of 7 by 7 by 7
Ensuring solution
Using seed: 1485040970253
Generating a Sidewinder maze of 7 by 7 by 7
Ensuring solution
Using seed: 1485040973118
Generating a Sidewinder maze of 7 by 7 by 7
Ensuring solution
Using seed: 1485040976693
Generating a Sidewinder maze of 7 by 7 by 7
Ensuring solution
Using seed: 1485040980131
Generating a Sidewinder maze of 7 by 7 by 7
Ensuring solution
Using seed: 1485040983035
Generating a Sidewinder maze of 7 by 7 by 7
Ensuring solution
Using seed: 1485040986603
Generating a Sidewinder maze of 7 by 7 by 7
Ensuring solution
Using seed: 1485040990277
Generating a Sidewinder maze of 7 by 7 by 7
Ensuring solution
Using seed: 1485040993596
Generating a Sidewinder maze of 7 by 7 by 7
Ensuring solution
Using seed: 1485040996414
Generating a Sidewinder maze of 7 by 7 by 7
Ensuring solution
Using seed: 1485040999970
Generating a Sidewinder maze of 7 by 7 by 7
Ensuring solution
Using seed: 1485041002810
Generating a Sidewinder maze of 7 by 7 by 7
Ensuring solution
Using seed: 1485041006410
Generating a Sidewinder maze of 7 by 7 by 7
Ensuring solution
Using seed: 1485041009551
Generating a Sidewinder maze of 7 by 7 by 7
Ensuring solution
Using seed: 1485041012780
Generating a Sidewinder maze of 7 by 7 by 7
Ensuring solution
Using seed: 1485041016089
Generating a Sidewinder maze of 7 by 7 by 7
Ensuring solution
Using seed: 1485041018993
Generating a Sidewinder maze of 7 by 7 by 7
Ensuring solution
Using seed: 1485041021954
Generating a Sidewinder maze of 7 by 7 by 7
Ensuring solution
Using seed: 1485041024818
Generating a Sidewinder maze of 7 by 7 by 7
Ensuring solution
Using seed: 1485041027679
Generating a Sidewinder maze of 7 by 7 by 7
Ensuring solution
Using seed: 1485041030541
Generating a Sidewinder maze of 7 by 7 by 7
Ensuring solution
Using seed: 1485041033725
Generating a Sidewinder maze of 7 by 7 by 7
Ensuring solution
Using seed: 1485041036571
Generating a Sidewinder maze of 7 by 7 by 7
Ensuring solution
Using seed: 1485041039629
Generating a Sidewinder maze of 7 by 7 by 7
Ensuring solution
Using seed: 1485041042820
Generating a Sidewinder maze of 7 by 7 by 7
Ensuring solution
Using seed: 1485041046167
Generating a Sidewinder maze of 7 by 7 by 7
Ensuring solution
Using seed: 1485041049438
Generating a Sidewinder maze of 7 by 7 by 7
Ensuring solution
Using seed: 1485041052274
Generating a Sidewinder maze of 7 by 7 by 7
Ensuring solution
Using seed: 1485041055677
Generating a Sidewinder maze of 7 by 7 by 7
Ensuring solution
Using seed: 1485041058823
Generating a Sidewinder maze of 7 by 7 by 7
Ensuring solution
Solution took 0.137561 seconds and has a distance of 34
(x:2)(y:1)(z:2) to (x:2)(y:-3)(z:1)
start at                                (x:2)(y:1)(z:2)
positive 1 on y                         (x:2)(y:2)(z:2)
negative 1 on z                         (x:2)(y:2)(z:1)
negative 1 on z                         (x:2)(y:2)(z:0)
negative 1 on x                         (x:1)(y:2)(z:0)
negative 1 on x                         (x:0)(y:2)(z:0)
negative 1 on z                         (x:0)(y:2)(z:-1)
negative 1 on z                         (x:0)(y:2)(z:-2)
negative 1 on z                         (x:0)(y:2)(z:-3)
negative 1 on x                         (x:-1)(y:2)(z:-3)
positive 1 on z                         (x:-1)(y:2)(z:-2)
negative 1 on y                         (x:-1)(y:1)(z:-2)
positive 1 on x                         (x:0)(y:1)(z:-2)
negative 1 on y                         (x:0)(y:0)(z:-2)
negative 1 on y                         (x:0)(y:-1)(z:-2)
negative 1 on y                         (x:0)(y:-2)(z:-2)
negative 1 on x                         (x:-1)(y:-2)(z:-2)
negative 1 on x                         (x:-2)(y:-2)(z:-2)
negative 1 on x                         (x:-3)(y:-2)(z:-2)
positive 1 on z                         (x:-3)(y:-2)(z:-1)
positive 1 on z                         (x:-3)(y:-2)(z:0)
positive 1 on y                         (x:-3)(y:-1)(z:0)
positive 1 on z                         (x:-3)(y:-1)(z:1)
positive 1 on x                         (x:-2)(y:-1)(z:1)
negative 1 on y                         (x:-2)(y:-2)(z:1)
negative 1 on y                         (x:-2)(y:-3)(z:1)
positive 1 on x                         (x:-1)(y:-3)(z:1)
positive 1 on y                         (x:-1)(y:-2)(z:1)
positive 1 on y                         (x:-1)(y:-1)(z:1)
positive 1 on x                         (x:0)(y:-1)(z:1)
positive 1 on x                         (x:1)(y:-1)(z:1)
negative 1 on y                         (x:1)(y:-2)(z:1)
positive 1 on x                         (x:2)(y:-2)(z:1)
finish at                               (x:2)(y:-3)(z:1)
