Using seed: 1485010810537
Generating a Sidewinder maze of 12 by 12
Ensuring solution
Solution took 0.0164878 seconds and has a distance of 36
(x:5)(y:-6) to (x:5)(y:5)
Ensuring solution
Solution took 0.0415059 seconds and has a distance of 49
(x:5)(y:-6) to (x:5)(y:4)
start at                                (x:5)(y:-6)
negative 1 on x                         (x:4)(y:-6)
positive 1 on y                         (x:4)(y:-5)
positive 1 on y                         (x:4)(y:-4)
positive 1 on y                         (x:4)(y:-3)
negative 1 on x                         (x:3)(y:-3)
negative 1 on y                         (x:3)(y:-4)
negative 1 on x                         (x:2)(y:-4)
negative 1 on y                         (x:2)(y:-5)
negative 1 on x                         (x:1)(y:-5)
negative 1 on x                         (x:0)(y:-5)
positive 1 on y                         (x:0)(y:-4)
negative 1 on x                         (x:-1)(y:-4)
positive 1 on y                         (x:-1)(y:-3)
negative 1 on x                         (x:-2)(y:-3)
negative 1 on y                         (x:-2)(y:-4)
negative 1 on x                         (x:-3)(y:-4)
negative 1 on x                         (x:-4)(y:-4)
negative 1 on x                         (x:-5)(y:-4)
negative 1 on x                         (x:-6)(y:-4)
positive 1 on y                         (x:-6)(y:-3)
positive 1 on y                         (x:-6)(y:-2)
positive 1 on y                         (x:-6)(y:-1)
positive 1 on y                         (x:-6)(y:0)
positive 1 on y                         (x:-6)(y:1)
positive 1 on y                         (x:-6)(y:2)
positive 1 on y                         (x:-6)(y:3)
positive 1 on y                         (x:-6)(y:4)
positive 1 on x                         (x:-5)(y:4)
positive 1 on y                         (x:-5)(y:5)
positive 1 on x                         (x:-4)(y:5)
positive 1 on x                         (x:-3)(y:5)
negative 1 on y                         (x:-3)(y:4)
positive 1 on x                         (x:-2)(y:4)
positive 1 on y                         (x:-2)(y:5)
positive 1 on x                         (x:-1)(y:5)
negative 1 on y                         (x:-1)(y:4)
negative 1 on y                         (x:-1)(y:3)
positive 1 on x                         (x:0)(y:3)
negative 1 on y                         (x:0)(y:2)
positive 1 on x                         (x:1)(y:2)
positive 1 on y                         (x:1)(y:3)
positive 1 on x                         (x:2)(y:3)
positive 1 on y                         (x:2)(y:4)
positive 1 on y                         (x:2)(y:5)
positive 1 on x                         (x:3)(y:5)
positive 1 on x                         (x:4)(y:5)
negative 1 on y                         (x:4)(y:4)
finish at                               (x:5)(y:4)
